<?xml version="1.0" encoding="UTF-8"?>
<testExecutions version="1">
  <file path="C:\Users\saimo\Projects\slack-api\tests\unit\user.spec.js">
    <testCase name="Slack User REST API test /api/v1/users/:id GET user- user not found in database" duration="52191">
      <failure message="Error: thrown: &quot;Exceeded timeout of 50000 ms for a test."><![CDATA[Error: thrown: "Exceeded timeout of 50000 ms for a test.
Add a timeout value to this test to increase the timeout, if this is a long-running test. See https://jestjs.io/docs/api#testname-fn-timeout."
    at it (C:\Users\saimo\Projects\slack-api\tests\unit\user.spec.js:22:3)
    at _dispatchDescribe (C:\Users\saimo\Projects\slack-api\node_modules\jest-circus\build\index.js:91:26)
    at describe (C:\Users\saimo\Projects\slack-api\node_modules\jest-circus\build\index.js:55:5)
    at Object.describe (C:\Users\saimo\Projects\slack-api\tests\unit\user.spec.js:21:1)
    at Runtime._execModule (C:\Users\saimo\Projects\slack-api\node_modules\jest-runtime\build\index.js:1439:24)
    at Runtime._loadModule (C:\Users\saimo\Projects\slack-api\node_modules\jest-runtime\build\index.js:1022:12)
    at Runtime.requireModule (C:\Users\saimo\Projects\slack-api\node_modules\jest-runtime\build\index.js:882:12)
    at jestAdapter (C:\Users\saimo\Projects\slack-api\node_modules\jest-circus\build\legacy-code-todo-rewrite\jestAdapter.js:77:13)
    at processTicksAndRejections (node:internal/process/task_queues:95:5)
    at runTestInternal (C:\Users\saimo\Projects\slack-api\node_modules\jest-runner\build\runTest.js:367:16)
    at runTest (C:\Users\saimo\Projects\slack-api\node_modules\jest-runner\build\runTest.js:444:34)]]></failure>
    </testCase>
  </file>
</testExecutions>